1602442277311	geckodriver	INFO	Listening on 127.0.0.1:50527
1602442280366	mozrunner::runner	INFO	Running command: "C:\\Program Files\\Mozilla Firefox\\firefox.exe" "--marionette" "-foreground" "-no-remote" "-profile" "C:\\Users\\mebis\\AppData\\Local\\Temp\\rust_mozprofile0hjs4i"
1602707885388	geckodriver	INFO	Listening on 127.0.0.1:49886
1602707888427	mozrunner::runner	INFO	Running command: "C:\\Program Files\\Mozilla Firefox\\firefox.exe" "--marionette" "-foreground" "-no-remote" "-profile" "C:\\Users\\mebis\\AppData\\Local\\Temp\\rust_mozprofile8nV7pA"
Can't find symbol 'eglSwapBuffersWithDamageEXT'.
JavaScript error: resource://gre/modules/XULStore.jsm, line 66: Error: Can't find profile directory.
console.error: SearchCache: "_readCacheFile: Error reading cache file:" (new Error("", "(unknown module)"))
1602707893025	Marionette	INFO	Listening on port 49895
1602707893213	Marionette	WARN	TLS certificate errors will be ignored for this session
JavaScript warning: https://duckduckgo.com/d2861.js, line 1: unreachable code after return statement
JavaScript warning: https://duckduckgo.com/d2861.js, line 1: unreachable code after return statement
JavaScript warning: https://duckduckgo.com/d2861.js, line 1: unreachable code after return statement
JavaScript warning: https://duckduckgo.com/d2861.js, line 1: unreachable code after return statement
JavaScript warning: https://duckduckgo.com/d2861.js, line 1: unreachable code after return statement
JavaScript warning: https://duckduckgo.com/d2861.js, line 1: unreachable code after return statement
JavaScript warning: https://duckduckgo.com/d2861.js, line 1: unreachable code after return statement
JavaScript warning: https://duckduckgo.com/d2861.js, line 1: unreachable code after return statement
JavaScript warning: https://duckduckgo.com/d2861.js, line 1: unreachable code after return statement
JavaScript warning: https://duckduckgo.com/d2861.js, line 1: unreachable code after return statement
JavaScript warning: https://duckduckgo.com/d2861.js, line 1: unreachable code after return statement
JavaScript warning: https://duckduckgo.com/d2861.js, line 1: unreachable code after return statement
SourceActor threw an exception: [Exception... "Component returned failure code: 0x80470002 (NS_BASE_STREAM_CLOSED) [nsIInputStream.available]"  nsresult: "0x80470002 (NS_BASE_STREAM_CLOSED)"  location: "JS frame :: resource://devtools/shared/DevToolsUtils.js :: onResponse :: line 560"  data: no]
Stack: onResponse@resource://devtools/shared/DevToolsUtils.js:560:34
onStopRequest@resource://gre/modules/NetUtil.jsm:128:18
Line: 560, column: 0
console.error: ({})
JavaScript error: resource://devtools/shared/DevToolsUtils.js, line 560: NS_BASE_STREAM_CLOSED: Component returned failure code: 0x80470002 (NS_BASE_STREAM_CLOSED) [nsIInputStream.available]
1602709196811	Marionette	INFO	Stopped listening on port 49895

###!!! [Child][RunMessage] Error: Channel closing: too late to send/recv, messages will be lost


###!!! [Child][MessageChannel::SendAndWait] Error: Channel error: cannot send/recv

Temp\\rust_mozprofile3STYia"
Can't find symbol 'eglSwapBuffersWithDamageEXT'.
JavaScript error: resource://gre/modules/XULStore.jsm, line 66: Error: Can't find profile directory.
console.error: SearchCache: "_readCacheFile: Error reading cache file:" (new Error("", "(unknown module)"))
1602708070142	Marionette	INFO	Listening on port 50042
1602708070533	Marionette	WARN	TLS certificate errors will be ignored for this session
JavaScript warning: https://duckduckgo.com/d2861.js, line 1: unreachable code after return statement
JavaScript warning: https://duckduckgo.com/d2861.js, line 1: unreachable code after return statement
JavaScript warning: https://duckduckgo.com/d2861.js, line 1: unreachable code after return statement
1602709185009	Marionette	INFO	Stopped listening on port 50042

###!!! [Child][RunMessage] Error: Channel closing: too late to send/recv, messages will be lost


###!!! [Child][MessageChannel::SendAndWait] Error: Channel error: cannot send/recv

Temp\\rust_mozprofile1J4nDv"
Can't find symbol 'eglSwapBuffersWithDamageEXT'.
JavaScript error: resource://gre/modules/XULStore.jsm, line 66: Error: Can't find profile directory.
console.error: SearchCache: "_readCacheFile: Error reading cache file:" (new Error("", "(unknown module)"))
1602708149054	Marionette	INFO	Listening on port 50099
1602708149251	Marionette	WARN	TLS certificate errors will be ignored for this session
JavaScript warning: https://duckduckgo.com/d2861.js, line 1: unreachable code after return statement
JavaScript warning: https://duckduckgo.com/d2861.js, line 1: unreachable code after return statement
JavaScript warning: https://duckduckgo.com/d2861.js, line 1: unreachable code after return statement
JavaScript warning: https://duckduckgo.com/d2861.js, line 1: unreachable code after return statement
JavaScript warning: https://duckduckgo.com/d2861.js, line 1: unreachable code after return statement
JavaScript warning: https://duckduckgo.com/d2861.js, line 1: unreachable code after return statement
JavaScript warning: https://duckduckgo.com/d2861.js, line 1: unreachable code after return statement
JavaScript warning: https://duckduckgo.com/d2861.js, line 1: unreachable code after return statement
JavaScript warning: https://duckduckgo.com/d2861.js, line 1: unreachable code after return statement
1602709176832	Marionette	INFO	Stopped listening on port 50099

###!!! [Child][RunMessage] Error: Channel closing: too late to send/recv, messages will be lost


###!!! [Child][MessageChannel::SendAndWait] Error: Channel error: cannot send/recv

1602709232158	geckodriver	INFO	Listening on 127.0.0.1:50230
1602709235218	mozrunner::runner	INFO	Running command: "C:\\Program Files\\Mozilla Firefox\\firefox.exe" "--marionette" "-foreground" "-no-remote" "-profile" "C:\\Users\\mebis\\AppData\\Local\\Temp\\rust_mozprofileCTZ7Yb"
Can't find symbol 'eglSwapBuffersWithDamageEXT'.
JavaScript error: resource://gre/modules/XULStore.jsm, line 66: Error: Can't find profile directory.
console.error: SearchCache: "_readCacheFile: Error reading cache file:" (new Error("", "(unknown module)"))
1602709238181	Marionette	INFO	Listening on port 50239
1602709238337	Marionette	WARN	TLS certificate errors will be ignored for this session
JavaScript warning: https://duckduckgo.com/d2861.js, line 1: unreachable code after return statement
JavaScript warning: https://duckduckgo.com/d2861.js, line 1: unreachable code after return statement
JavaScript warning: https://duckduckgo.com/d2861.js, line 1: unreachable code after return statement
JavaScript warning: https://duckduckgo.com/d2861.js, line 1: unreachable code after return statement
JavaScript warning: https://duckduckgo.com/d2861.js, line 1: unreachable code after return statement
JavaScript warning: https://duckduckgo.com/d2861.js, line 1: unreachable code after return statement
JavaScript warning: https://duckduckgo.com/d2861.js, line 1: unreachable code after return statement
JavaScript warning: https://duckduckgo.com/d2861.js, line 1: unreachable code after return statement
JavaScript warning: https://duckduckgo.com/d2861.js, line 1: unreachable code after return statement
JavaScript error: , line 0: NS_ERROR_NOT_AVAILABLE
JavaScript error: , line 0: NS_ERROR_NOT_AVAILABLE
JavaScript error: , line 0: NS_ERROR_NOT_AVAILABLE
1603049579209	Marionette	INFO	Stopped listening on port 50239
:\\Users\\mebis\\AppData\\Local\\Temp\\rust_mozprofiledhgd4w"
Can't find symbol 'eglSwapBuffersWithDamageEXT'.
JavaScript error: resource://gre/modules/XULStore.jsm, line 66: Error: Can't find profile directory.
console.error: SearchCache: "_readCacheFile: Error reading cache file:" (new Error("", "(unknown module)"))
1602709308771	Marionette	INFO	Listening on port 50320
1602709308986	Marionette	WARN	TLS certificate errors will be ignored for this session
JavaScript warning: https://duckduckgo.com/d2861.js, line 1: unreachable code after return statement
JavaScript warning: https://duckduckgo.com/d2861.js, line 1: unreachable code after return statement
JavaScript warning: https://duckduckgo.com/d2861.js, line 1: unreachable code after return statement
JavaScript warning: https://duckduckgo.com/d2861.js, line 1: unreachable code after return statement
JavaScript warning: https://duckduckgo.com/d2861.js, line 1: unreachable code after return statement
JavaScript warning: https://duckduckgo.com/d2861.js, line 1: unreachable code after return statement
JavaScript warning: https://duckduckgo.com/d2861.js, line 1: unreachable code after return statement
JavaScript warning: https://duckduckgo.com/d2861.js, line 1: unreachable code after return statement
JavaScript warning: https://duckduckgo.com/d2861.js, line 1: unreachable code after return statement
JavaScript warning: https://duckduckgo.com/d2861.js, line 1: unreachable code after return statement
JavaScript warning: https://duckduckgo.com/d2861.js, line 1: unreachable code after return statement
JavaScript warning: https://duckduckgo.com/d2861.js, line 1: unreachable code after return statement
SourceActor threw an exception: [Exception... "Component returned failure code: 0x80470002 (NS_BASE_STREAM_CLOSED) [nsIInputStream.available]"  nsresult: "0x80470002 (NS_BASE_STREAM_CLOSED)"  location: "JS frame :: resource://devtools/shared/DevToolsUtils.js :: onResponse :: line 560"  data: no]
Stack: onResponse@resource://devtools/shared/DevToolsUtils.js:560:34
onStopRequest@resource://gre/modules/NetUtil.jsm:128:18
Line: 560, column: 0
console.error: ({})
JavaScript error: resource://devtools/shared/DevToolsUtils.js, line 560: NS_BASE_STREAM_CLOSED: Component returned failure code: 0x80470002 (NS_BASE_STREAM_CLOSED) [nsIInputStream.available]
JavaScript error: , line 0: NS_ERROR_NOT_AVAILABLE
JavaScript error: , line 0: NS_ERROR_NOT_AVAILABLE
JavaScript error: , line 0: NS_ERROR_NOT_AVAILABLE
1603049588718	Marionette	INFO	Stopped listening on port 50320

###!!! [Child][RunMessage] Error: Channel closing: too late to send/recv, messages will be lost


###!!! [Child][MessageChannel::SendAndWait] Error: Channel error: cannot send/recv

find profile directory.
console.error: SearchCache: "_readCacheFile: Error reading cache file:" (new Error("", "(unknown module)"))
1602709571362	Marionette	INFO	Listening on port 50425
1602709571593	Marionette	WARN	TLS certificate errors will be ignored for this session
JavaScript warning: https://duckduckgo.com/d2861.js, line 1: unreachable code after return statement
JavaScript warning: https://duckduckgo.com/d2861.js, line 1: unreachable code after return statement
JavaScript warning: https://duckduckgo.com/d2861.js, line 1: unreachable code after return statement
JavaScript warning: https://duckduckgo.com/d2861.js, line 1: unreachable code after return statement
JavaScript warning: https://duckduckgo.com/d2861.js, line 1: unreachable code after return statement
JavaScript warning: https://duckduckgo.com/d2861.js, line 1: unreachable code after return statement
JavaScript warning: https://duckduckgo.com/d2861.js, line 1: unreachable code after return statement
JavaScript warning: https://duckduckgo.com/d2861.js, line 1: unreachable code after return statement
JavaScript warning: https://duckduckgo.com/d2861.js, line 1: unreachable code after return statement
JavaScript error: , line 0: uncaught exception: Object
JavaScript error: , line 0: NS_ERROR_NOT_AVAILABLE
JavaScript error: , line 0: uncaught exception: Object
JavaScript error: , line 0: NS_ERROR_NOT_AVAILABLE
JavaScript error: , line 0: NS_ERROR_NOT_AVAILABLE
1603049588218	Marionette	INFO	Stopped listening on port 50425

###!!! [Child][MessageChannel::SendAndWait] Error: Channel error: cannot send/recv

firefox.exe" "--marionette" "-foreground" "-no-remote" "-profile" "C:\\Users\\mebis\\AppData\\Local\\Temp\\rust_mozprofilei8hRNu"
Can't find symbol 'eglSwapBuffersWithDamageEXT'.
JavaScript error: resource://gre/modules/XULStore.jsm, line 66: Error: Can't find profile directory.
console.error: SearchCache: "_readCacheFile: Error reading cache file:" (new Error("", "(unknown module)"))
1603049560291	Marionette	INFO	Listening on port 59132
1603049560825	Marionette	WARN	TLS certificate errors will be ignored for this session
JavaScript warning: https://duckduckgo.com/d2862.js, line 1: unreachable code after return statement
JavaScript warning: https://duckduckgo.com/d2862.js, line 1: unreachable code after return statement
JavaScript warning: https://duckduckgo.com/d2862.js, line 1: unreachable code after return statement
JavaScript warning: https://duckduckgo.com/d2862.js, line 1: unreachable code after return statement
JavaScript warning: https://duckduckgo.com/d2862.js, line 1: unreachable code after return statement
JavaScript warning: https://duckduckgo.com/d2862.js, line 1: unreachable code after return statement
JavaScript warning: https://duckduckgo.com/d2862.js, line 1: unreachable code after return statement
JavaScript warning: https://duckduckgo.com/d2862.js, line 1: unreachable code after return statement
JavaScript warning: https://duckduckgo.com/d2862.js, line 1: unreachable code after return statement
[Parent 13188, Gecko_IOThread] WARNING: file /builds/worker/checkouts/gecko/ipc/chromium/src/base/process_util_win.cc, line 166
1603049581203	Marionette	INFO	Stopped listening on port 59132

###!!! [Child][RunMessage] Error: Channel closing: too late to send/recv, messages will be lost


###!!! [Child][MessageChannel::SendAndWait] Error: Channel error: cannot send/recv

1603061310979	geckodriver	INFO	Listening on 127.0.0.1:49296
1603061314075	mozrunner::runner	INFO	Running command: "C:\\Program Files\\Mozilla Firefox\\firefox.exe" "--marionette" "-foreground" "-no-remote" "-profile" "C:\\Users\\mebis\\AppData\\Local\\Temp\\rust_mozprofileinyR4g"
Can't find symbol 'eglSwapBuffersWithDamageEXT'.
JavaScript error: resource://gre/modules/XULStore.jsm, line 66: Error: Can't find profile directory.
console.error: SearchCache: "_readCacheFile: Error reading cache file:" (new Error("", "(unknown module)"))
1603061317411	Marionette	INFO	Listening on port 49307
1603061317707	Marionette	WARN	TLS certificate errors will be ignored for this session
Handler function threw an exception: TypeError: topFrame.browsingContext is null
Stack: matchRequest@resource://devtools/server/actors/network-monitor/network-observer.js:111:9
_onRequestHeader@resource://devtools/server/actors/network-monitor/network-observer.js:857:10
NetworkObserver.prototype.observeActivity<@resource://devtools/server/actors/network-monitor/network-observer.js:632:12
exports.makeInfallible/<@resource://devtools/shared/ThreadSafeDevToolsUtils.js:103:22
Line: 111, column: 9
console.error: (new TypeError("topFrame.browsingContext is null", "resource://devtools/server/actors/network-monitor/network-observer.js", 111))
Handler function _httpResponseExam1603144959599	Marionette	INFO	Stopped listening on port 49443
 null
Stack: matchRequest@resource://devtools/server/actors/network-monitor/network-observer.js:111:9
_httpResponseExaminer@resource://devtools/server/actors/network-monitor/network-observer.js:416:10
exports.makeInfallible/<@resource://devtools/shared/ThreadSafeDevToolsUtils.js:103:22
Line: 111, column: 9
console.error: (new TypeError("topFrame.browsingContext is null", "resource://devtools/server/actors/network-monitor/network-observer.js", 111))
Handler function threw an exception: TypeError: topFrame.browsingContext is null
Stack: matchRequest@resource://devtools/server/actors/network-monitor/network-ob1603144956139	Marionette	INFO	Stopped listening on port 64977

###!!! [Child][MessageChannel::SendAndWait] Error: Channel error: cannot send/recv

ty<@resource://devtools/server/actors/network-monitor/network-observer.js:632:12
exports.makeInfallible/<@resource://devtools/shared/ThreadSafeDevToolsUtils.js:103:22
Line: 111, column: 9
console.error: (new TypeError("topFrame.browsingContext is null", "resource://devtools/server/actors/network-monitor/network-observer.js", 111))
Handler function _httpResponseExaminer threw an exception: TypeError: topFrame.browsingContext is null
Stack: matchRequest@resource://devtools/server/actors/network-monitor/network-observer.js:111:9
_httpResponseExaminer@resource://devtools/server/actors/network-monitor/network-observer.js:416:10
exports.makeInfallible/<@resource://devtools/shared/ThreadSafeDevToolsUtils.js:103:22
Line: 111, column: 9
console.error: (new TypeError("topFrame.browsingContext is null", "resource://devtools/server/actors/network-monitor/network-observer.js", 111))

###!!! [Child][MessageChannel] Error: (msgtype=0x5A0005,name=PHttpChannel::Msg_Cancel) Channel closing: too late to send/recv, messages will be lost


###!!! [Child][MessageChannel] Error: (msgtype=0x5A000D,name=PHttpChannel::Msg_DeletingChannel) Channel closing: too late to send/recv, messages will be lost

JavaScript error: , line 0: NS_ERROR_NOT_AVAILABLE
JavaScript error: , line 0: NS_ERROR_NOT_AVAILABLE
JavaScript error: , line 0: NS_ERROR_NOT_AVAILABLE
JavaScript error: , line 0: NS_ERROR_NOT_AVAILABLE
1603486767239	Marionette	INFO	Stopped listening on port 49307

###!!! [Child][MessageChannel::SendAndWait] Error: Channel error: cannot send/recv

/gre/modules/XULStore.jsm, line 66: Error: Can't find profile directory.
console.error: SearchCache: "_readCacheFile: Error reading cache file:" (new Error("", "(unknown module)"))
1603143685350	Marionette	INFO	Listening on port 56585
1603143685900	Marionette	WARN	TLS certificate errors will be ignored for this session
1603145311712	Marionette	INFO	Stopped listening on port 56585

###!!! [Child][MessageChannel::SendAndWait] Error: Channel error: cannot send/recv

firefox.exe" "--marionette" "-foreground" "-no-remote" "-profile" "C:\\Users\\mebis\\AppData\\Local\\Temp\\rust_mozprofileVVcbAp"
Can't find symbol 'eglSwapBuffersWithDamageEXT'.
JavaScript error: resource://gre/modules/XULStore.jsm, line 66: Error: Can't find profile directory.
console.error: SearchCache: "_readCacheFile: Error reading cache file:" (new Error("", "(unknown module)"))
1603144078767	Marionette	INFO	Listening on port 56934
1603144078893	Marionette	WARN	TLS certificate errors will be ignored for this session
JavaScript error: , line 0: NS_ERROR_NOT_AVAILABLE

###!!! [Child][RunMessage] Error: Channel closing: too late to send/recv, messages will be lost

1603145317752	Marionette	INFO	Stopped listening on port 56934

###!!! [Child][MessageChannel::SendAndWait] Error: Channel error: cannot send/recv

wapBuffersWithDamageEXT'.
JavaScript error: resource://gre/modules/XULStore.jsm, line 66: Error: Can't find profile directory.
console.error: SearchCache: "_readCacheFile: Error reading cache file:" (new Error("", "(unknown module)"))
1603144885226	Marionette	INFO	Listening on port 57486
1603144885333	Marionette	WARN	TLS certificate errors will be ignored for this session
1603144932567	Marionette	INFO	Stopped listening on port 57486

###!!! [Child][RunMessage] Error: Channel closing: too late to send/recv, messages will be lost


###!!! [Child][MessageChannel::SendAndWait] Error: Channel error: cannot send/recv

1603145330322	geckodriver	INFO	Listening on 127.0.0.1:57771
1603145333383	mozrunner::runner	INFO	Running command: "C:\\Program Files\\Mozilla Firefox\\firefox.exe" "--marionette" "-foreground" "-no-remote" "-profile" "C:\\Users\\mebis\\AppData\\Local\\Temp\\rust_mozprofile40vFd0"
Can't find symbol 'eglSwapBuffersWithDamageEXT'.
JavaScript error: resource://gre/modules/XULStore.jsm, line 66: Error: Can't find profile directory.
console.error: SearchCache: "_readCacheFile: Error reading cache file:" (new Error("", "(unknown module)"))
1603145340865	Marionette	INFO	Listening on port 57780
1603145341108	Marionette	WARN	TLS certificate errors will be ignored for this session
1603148701429	Marionette	INFO	Stopped listening on port 57780

###!!! [Child][MessageChannel::SendAndWait] Error: Channel error: cannot send/recv

firefox.exe" "--marionette" "-foreground" "-no-remote" "-profile" "C:\\Users\\mebis\\AppData\\Local\\Temp\\rust_mozprofilesN3vcD"
Can't find symbol 'eglSwapBuffersWithDamageEXT'.
JavaScript error: resource://gre/modules/XULStore.jsm, line 66: Error: Can't find profile directory.
console.error: SearchCache: "_readCacheFile: Error reading cache file:" (new Error("", "(unknown module)"))
1603145549773	Marionette	INFO	Listening on port 57964
1603145550327	Marionette	WARN	TLS certificate errors will be ignored for this session
1603148699673	Marionette	INFO	Stopped listening on port 57964

###!!! [Child][MessageChannel::SendAndWait] Error: Channel error: cannot send/recv

firefox.exe" "--marionette" "-foreground" "-no-remote" "-profile" "C:\\Users\\mebis\\AppData\\Local\\Temp\\rust_mozprofilexvpxzZ"
Can't find symbol 'eglSwapBuffersWithDamageEXT'.
JavaScript error: resource://gre/modules/XULStore.jsm, line 66: Error: Can't find profile directory.
console.error: SearchCache: "_readCacheFile: Error reading cache file:" (new Error("", "(unknown module)"))
1603145725349	Marionette	INFO	Listening on port 58188
1603145725855	Marionette	WARN	TLS certificate errors will be ignored for this session
1603145766258	Marionette	INFO	Stopped listening on port 58188

###!!! [Child][MessageChannel::SendAndWait] Error: Channel error: cannot send/recv

1603145769998	geckodriver	INFO	Listening on 127.0.0.1:58296
1603145773031	mozrunner::runner	INFO	Running command: "C:\\Program Files\\Mozilla Firefox\\firefox.exe" "--marionette" "-foreground" "-no-remote" "-profile" "C:\\Users\\mebis\\AppData\\Local\\Temp\\rust_mozprofileyV3Qxx"
Can't find symbol 'eglSwapBuffersWithDamageEXT'.
JavaScript error: resource://gre/modules/XULStore.jsm, line 66: Error: Can't find profile directory.
console.error: SearchCache: "_readCacheFile: Error reading cache file:" (new Error("", "(unknown module)"))
1603145781533	Marionette	INFO	Listening on port 58306
1603145782069	Marionette	WARN	TLS certificate errors will be ignored for this session
JavaScript error: resource://gre/actors/AutoCompleteChild.jsm, line 235: Error: Invalid autocomplete selectedIndex
JavaScript error: resource://gre/actors/AutoCompleteChild.jsm, line 235: Error: Invalid autocomplete selectedIndex
JavaScript error: resource://gre/modules/LoginManagerChild.jsm, line 190: NS_ERROR_XPC_JAVASCRIPT_ERROR_WITH_DETAILS: [JavaScript Error: "Invalid autocomplete selectedIndex" {file: "resource://gre/actors/AutoCompleteChild.jsm" line: 235}]'[JavaScript Error: "Invalid autocomplete selectedIndex" {file: "resource://gre/actors/AutoCompleteChild.jsm" line: 235}]' when calling method: [nsIAutoCompletePopup::selectedIndex]
1603145802235	Marionette	INFO	Stopped listening on port 58306

###!!! [Child][RunMessage] Error: Channel closing: too late to send/recv, messages will be lost


###!!! [Child][MessageChannel::SendAndWait] Error: Channel error: cannot send/recv

1603145936869	geckodriver	INFO	Listening on 127.0.0.1:58474
1603145939953	mozrunner::runner	INFO	Running command: "C:\\Program Files\\Mozilla Firefox\\firefox.exe" "--marionette" "-foreground" "-no-remote" "-profile" "C:\\Users\\mebis\\AppData\\Local\\Temp\\rust_mozprofileKt7xbU"
Can't find symbol 'eglSwapBuffersWithDamageEXT'.
JavaScript error: resource://gre/modules/XULStore.jsm, line 66: Error: Can't find profile directory.
console.error: SearchCache: "_readCacheFile: Error reading cache file:" (new Error("", "(unknown module)"))
1603145948589	Marionette	INFO	Listening on port 58484
1603145948883	Marionette	WARN	TLS certificate errors will be ignored for this session
JavaScript error: resource://gre/actors/AutoCompleteChild.jsm, line 235: Error: Invalid autocomplete selectedIndex
JavaScript error: resource://gre/actors/AutoCompleteChild.jsm, line 235: Error: Invalid autocomplete selectedIndex
JavaScript error: resource://gre/modules/LoginManagerChild.jsm, line 190: NS_ERROR_XPC_JAVASCRIPT_ERROR_WITH_DETAILS: [JavaScript Error: "Invalid autocomplete selectedIndex" {file: "resource://gre/actors/AutoCompleteChild.jsm" line: 235}]'[JavaScript Error: "Invalid autocomplete selectedIndex" {file: "resource://gre/actors/AutoCompleteChild.jsm" line: 235}]' when calling method: [nsIAutoCompletePopup::selectedIndex]
1603145989666	Marionette	INFO	Stopped listening on port 58484

###!!! [Child][RunMessage] Error: Channel closing: too late to send/recv, messages will be lost


###!!! [Child][MessageChannel::SendAndWait] Error: Channel error: cannot send/recv

1603145993208	geckodriver	INFO	Listening on 127.0.0.1:58599
1603145996234	mozrunner::runner	INFO	Running command: "C:\\Program Files\\Mozilla Firefox\\firefox.exe" "--marionette" "-foreground" "-no-remote" "-profile" "C:\\Users\\mebis\\AppData\\Local\\Temp\\rust_mozprofileUR9AOv"
Can't find symbol 'eglSwapBuffersWithDamageEXT'.
JavaScript error: resource://gre/modules/XULStore.jsm, line 66: Error: Can't find profile directory.
console.error: SearchCache: "_readCacheFile: Error reading cache file:" (new Error("", "(unknown module)"))
1603146005090	Marionette	INFO	Listening on port 58608
1603146005370	Marionette	WARN	TLS certificate errors will be ignored for this session
JavaScript error: resource://gre/actors/AutoCompleteChild.jsm, line 235: Error: Invalid autocomplete selectedIndex
JavaScript error: resource://gre/actors/AutoCompleteChild.jsm, line 235: Error: Invalid autocomplete selectedIndex
JavaScript error: resource://gre/modules/LoginManagerChild.jsm, line 190: NS_ERROR_XPC_JAVASCRIPT_ERROR_WITH_DETAILS: [JavaScript Error: "Invalid autocomplete selectedIndex" {file: "resource://gre/actors/AutoCompleteChild.jsm" line: 235}]'[JavaScript Error: "Invalid autocomplete selectedIndex" {file: "resource://gre/actors/AutoCompleteChild.jsm" line: 235}]' when calling method: [nsIAutoCompletePopup::selectedIndex]
1603146065034	Marionette	INFO	Stopped listening on port 58608

###!!! [Child][MessageChannel::SendAndWait] Error: Channel error: cannot send/recv

1603147025092	geckodriver	INFO	Listening on 127.0.0.1:59391
1603147028175	mozrunner::runner	INFO	Running command: "C:\\Program Files\\Mozilla Firefox\\firefox.exe" "--marionette" "-foreground" "-no-remote" "-profile" "C:\\Users\\mebis\\AppData\\Local\\Temp\\rust_mozprofileTftr28"
Can't find symbol 'eglSwapBuffersWithDamageEXT'.
JavaScript error: resource://gre/modules/XULStore.jsm, line 66: Error: Can't find profile directory.
console.error: SearchCache: "_readCacheFile: Error reading cache file:" (new Error("", "(unknown module)"))
1603147037798	Marionette	INFO	Listening on port 59404
1603147038037	Marionette	WARN	TLS certificate errors will be ignored for this session
1603147053497	Marionette	INFO	Stopped listening on port 59404

###!!! [Child][RunMessage] Error: Channel closing: too late to send/recv, messages will be lost


###!!! [Child][MessageChannel::SendAndWait] Error: Channel error: cannot send/recv

1603147100761	geckodriver	INFO	Listening on 127.0.0.1:59519
1603147103793	mozrunner::runner	INFO	Running command: "C:\\Program Files\\Mozilla Firefox\\firefox.exe" "--marionette" "-foreground" "-no-remote" "-profile" "C:\\Users\\mebis\\AppData\\Local\\Temp\\rust_mozprofilejbhoEd"
Can't find symbol 'eglSwapBuffersWithDamageEXT'.
JavaScript error: resource://gre/modules/XULStore.jsm, line 66: Error: Can't find profile directory.
console.error: SearchCache: "_readCacheFile: Error reading cache file:" (new Error("", "(unknown module)"))
1603147112402	Marionette	INFO	Listening on port 59529
1603147112513	Marionette	WARN	TLS certificate errors will be ignored for this session
1603147117663	Marionette	INFO	Stopped listening on port 59529

###!!! [Child][MessageChannel::SendAndWait] Error: Channel error: cannot send/recv

1603147171362	geckodriver	INFO	Listening on 127.0.0.1:59618
1603147174369	mozrunner::runner	INFO	Running command: "C:\\Program Files\\Mozilla Firefox\\firefox.exe" "--marionette" "-foreground" "-no-remote" "-profile" "C:\\Users\\mebis\\AppData\\Local\\Temp\\rust_mozprofileFHWfGI"
Can't find symbol 'eglSwapBuffersWithDamageEXT'.
JavaScript error: resource://gre/modules/XULStore.jsm, line 66: Error: Can't find profile directory.
console.error: SearchCache: "_readCacheFile: Error reading cache file:" (new Error("", "(unknown module)"))
1603147183227	Marionette	INFO	Listening on port 59628
1603147183678	Marionette	WARN	TLS certificate errors will be ignored for this session
1603147188055	Marionette	INFO	Stopped listening on port 59628

###!!! [Child][RunMessage] Error: Channel closing: too late to send/recv, messages will be lost


###!!! [Child][MessageChannel::SendAndWait] Error: Channel error: cannot send/recv

1603147235387	geckodriver	INFO	Listening on 127.0.0.1:59719
1603147238388	mozrunner::runner	INFO	Running command: "C:\\Program Files\\Mozilla Firefox\\firefox.exe" "--marionette" "-foreground" "-no-remote" "-profile" "C:\\Users\\mebis\\AppData\\Local\\Temp\\rust_mozprofileKo0kbW"
Can't find symbol 'eglSwapBuffersWithDamageEXT'.
JavaScript error: resource://gre/modules/XULStore.jsm, line 66: Error: Can't find profile directory.
console.error: SearchCache: "_readCacheFile: Error reading cache file:" (new Error("", "(unknown module)"))
1603147246991	Marionette	INFO	Listening on port 59732
1603147247342	Marionette	WARN	TLS certificate errors will be ignored for this session
1603147254107	Marionette	INFO	Stopped listening on port 59732

###!!! [Child][RunMessage] Error: Channel closing: too late to send/recv, messages will be lost


###!!! [Child][MessageChannel::SendAndWait] Error: Channel error: cannot send/recv

1603147657957	geckodriver	INFO	Listening on 127.0.0.1:60029
1603147660968	mozrunner::runner	INFO	Running command: "C:\\Program Files\\Mozilla Firefox\\firefox.exe" "--marionette" "-foreground" "-no-remote" "-profile" "C:\\Users\\mebis\\AppData\\Local\\Temp\\rust_mozprofiledoHmrU"
Can't find symbol 'eglSwapBuffersWithDamageEXT'.
JavaScript error: resource://gre/modules/XULStore.jsm, line 66: Error: Can't find profile directory.
console.error: SearchCache: "_readCacheFile: Error reading cache file:" (new Error("", "(unknown module)"))
1603147675626	Marionette	INFO	Listening on port 60039
1603147676276	Marionette	WARN	TLS certificate errors will be ignored for this session
1603147699321	Marionette	INFO	Stopped listening on port 60039

###!!! [Child][RunMessage] Error: Channel closing: too late to send/recv, messages will be lost


###!!! [Child][MessageChannel::SendAndWait] Error: Channel error: cannot send/recv

1603148237717	geckodriver	INFO	Listening on 127.0.0.1:60514
1603148240764	mozrunner::runner	INFO	Running command: "C:\\Program Files\\Mozilla Firefox\\firefox.exe" "--marionette" "-foreground" "-no-remote" "-profile" "C:\\Users\\mebis\\AppData\\Local\\Temp\\rust_mozprofileFqNBS4"
Can't find symbol 'eglSwapBuffersWithDamageEXT'.
JavaScript error: resource://gre/modules/XULStore.jsm, line 66: Error: Can't find profile directory.
console.error: SearchCache: "_readCacheFile: Error reading cache file:" (new Error("", "(unknown module)"))
1603148249565	Marionette	INFO	Listening on port 60524
1603148249794	Marionette	WARN	TLS certificate errors will be ignored for this session
JavaScript error: resource://gre/actors/AutoCompleteChild.jsm, line 235: Error: Invalid autocomplete selectedIndex
JavaScript error: resource://gre/actors/AutoCompleteChild.jsm, line 235: Error: Invalid autocomplete selectedIndex
JavaScript error: resource://gre/modules/LoginManagerChild.jsm, line 190: NS_ERROR_XPC_JAVASCRIPT_ERROR_WITH_DETAILS: [JavaScript Error: "Invalid autocomplete selectedIndex" {file: "resource://gre/actors/AutoCompleteChild.jsm" line: 235}]'[JavaScript Error: "Invalid autocomplete selectedIndex" {file: "resource://gre/actors/AutoCompleteChild.jsm" line: 235}]' when calling method: [nsIAutoCompletePopup::selectedIndex]
1603148268012	Marionette	INFO	Stopped listening on port 60524

###!!! [Child][RunMessage] Error: Channel closing: too late to send/recv, messages will be lost


###!!! [Child][MessageChannel::SendAndWait] Error: Channel error: cannot send/recv

1603148332164	geckodriver	INFO	Listening on 127.0.0.1:60697
1603148335181	mozrunner::runner	INFO	Running command: "C:\\Program Files\\Mozilla Firefox\\firefox.exe" "--marionette" "-foreground" "-no-remote" "-profile" "C:\\Users\\mebis\\AppData\\Local\\Temp\\rust_mozprofile2Yc2ZC"
Can't find symbol 'eglSwapBuffersWithDamageEXT'.
JavaScript error: resource://gre/modules/XULStore.jsm, line 66: Error: Can't find profile directory.
console.error: SearchCache: "_readCacheFile: Error reading cache file:" (new Error("", "(unknown module)"))
1603148343107	Marionette	INFO	Listening on port 60705
1603148343272	Marionette	WARN	TLS certificate errors will be ignored for this session
JavaScript error: resource://gre/actors/AutoCompleteChild.jsm, line 235: Error: Invalid autocomplete selectedIndex
JavaScript error: resource://gre/actors/AutoCompleteChild.jsm, line 235: Error: Invalid autocomplete selectedIndex
JavaScript error: resource://gre/modules/LoginManagerChild.jsm, line 190: NS_ERROR_XPC_JAVASCRIPT_ERROR_WITH_DETAILS: [JavaScript Error: "Invalid autocomplete selectedIndex" {file: "resource://gre/actors/AutoCompleteChild.jsm" line: 235}]'[JavaScript Error: "Invalid autocomplete selectedIndex" {file: "resource://gre/actors/AutoCompleteChild.jsm" line: 235}]' when calling method: [nsIAutoCompletePopup::selectedIndex]
1603148361716	Marionette	INFO	Stopped listening on port 60705

###!!! [Child][RunMessage] Error: Channel closing: too late to send/recv, messages will be lost


###!!! [Child][MessageChannel::SendAndWait] Error: Channel error: cannot send/recv

1603148661037	geckodriver	INFO	Listening on 127.0.0.1:60927
1603148664031	mozrunner::runner	INFO	Running command: "C:\\Program Files\\Mozilla Firefox\\firefox.exe" "--marionette" "-foreground" "-no-remote" "-profile" "C:\\Users\\mebis\\AppData\\Local\\Temp\\rust_mozprofileRDq6vZ"
Can't find symbol 'eglSwapBuffersWithDamageEXT'.
JavaScript error: resource://gre/modules/XULStore.jsm, line 66: Error: Can't find profile directory.
console.error: SearchCache: "_readCacheFile: Error reading cache file:" (new Error("", "(unknown module)"))
1603148671437	Marionette	INFO	Listening on port 60935
1603148671859	Marionette	WARN	TLS certificate errors will be ignored for this session
JavaScript error: resource://gre/actors/AutoCompleteChild.jsm, line 235: Error: Invalid autocomplete selectedIndex
JavaScript error: resource://gre/actors/AutoCompleteChild.jsm, line 235: Error: Invalid autocomplete selectedIndex
JavaScript error: resource://gre/modules/LoginManagerChild.jsm, line 190: NS_ERROR_XPC_JAVASCRIPT_ERROR_WITH_DETAILS: [JavaScript Error: "Invalid autocomplete selectedIndex" {file: "resource://gre/actors/AutoCompleteChild.jsm" line: 235}]'[JavaScript Error: "Invalid autocomplete selectedIndex" {file: "resource://gre/actors/AutoCompleteChild.jsm" line: 235}]' when calling method: [nsIAutoCompletePopup::selectedIndex]
1603148687052	Marionette	INFO	Stopped listening on port 60935

###!!! [Child][MessageChannel::SendAndWait] Error: Channel error: cannot send/recv

1603149061197	geckodriver	INFO	Listening on 127.0.0.1:61110
1603149064199	mozrunner::runner	INFO	Running command: "C:\\Program Files\\Mozilla Firefox\\firefox.exe" "--marionette" "-foreground" "-no-remote" "-profile" "C:\\Users\\mebis\\AppData\\Local\\Temp\\rust_mozprofilevC5HP5"
Can't find symbol 'eglSwapBuffersWithDamageEXT'.
JavaScript error: resource://gre/modules/XULStore.jsm, line 66: Error: Can't find profile directory.
console.error: SearchCache: "_readCacheFile: Error reading cache file:" (new Error("", "(unknown module)"))
1603149071373	Marionette	INFO	Listening on port 61118
1603149071631	Marionette	WARN	TLS certificate errors will be ignored for this session
JavaScript error: resource://gre/actors/AutoCompleteChild.jsm, line 235: Error: Invalid autocomplete selectedIndex
JavaScript error: resource://gre/actors/AutoCompleteChild.jsm, line 235: Error: Invalid autocomplete selectedIndex
JavaScript error: resource://gre/modules/LoginManagerChild.jsm, line 190: NS_ERROR_XPC_JAVASCRIPT_ERROR_WITH_DETAILS: [JavaScript Error: "Invalid autocomplete selectedIndex" {file: "resource://gre/actors/AutoCompleteChild.jsm" line: 235}]'[JavaScript Error: "Invalid autocomplete selectedIndex" {file: "resource://gre/actors/AutoCompleteChild.jsm" line: 235}]' when calling method: [nsIAutoCompletePopup::selectedIndex]
1603150202960	Marionette	INFO	Stopped listening on port 61118

###!!! [Child][RunMessage] Error: Channel closing: too late to send/recv, messages will be lost


###!!! [Child][MessageChannel::SendAndWait] Error: Channel error: cannot send/recv

Temp\\rust_mozprofileBacjbA"
Can't find symbol 'eglSwapBuffersWithDamageEXT'.
JavaScript error: resource://gre/modules/XULStore.jsm, line 66: Error: Can't find profile directory.
console.error: SearchCache: "_readCacheFile: Error reading cache file:" (new Error("", "(unknown module)"))
1603150183598	Marionette	INFO	Listening on port 61642
1603150183974	Marionette	WARN	TLS certificate errors will be ignored for this session
JavaScript error: resource://gre/actors/AutoCompleteChild.jsm, line 235: Error: Invalid autocomplete selectedIndex
JavaScript error: resource://gre/actors/AutoCompleteChild.jsm, line 235: Error: Invalid autocomplete selectedIndex
JavaScript error: resource://gre/modules/LoginManagerChild.jsm, line 190: NS_ERROR_XPC_JAVASCRIPT_ERROR_WITH_DETAILS: [JavaScript Error: "Invalid autocomplete selectedIndex" {file: "resource://gre/actors/AutoCompleteChild.jsm" line: 235}]'[JavaScript Error: "Invalid autocomplete selectedIndex" {file: "resource://gre/actors/AutoCompleteChild.jsm" line: 235}]' when calling method: [nsIAutoCompletePopup::selectedIndex]
1603150194327	Marionette	INFO	Stopped listening on port 61642

###!!! [Child][RunMessage] Error: Channel closing: too late to send/recv, messages will be lost


###!!! [Child][MessageChannel::SendAndWait] Error: Channel error: cannot send/recv

